<?xml version="1.0" encoding="UTF-8"?>
<!-- Generated by org.testng.reporters.JUnitReportReporter -->
<testsuite hostname="ATMECSBLRLT-030" failures="0" tests="1" name="com.atmecs.automationSite.Facebook" time="16.979" errors="0" timestamp="24 Sep 2020 14:30:23 GMT" skipped="0">
  <testcase classname="com.atmecs.automationSite.Facebook" name="facebook" time="16.979"/>
</testsuite> <!-- com.atmecs.automationSite.Facebook -->
