<?xml version="1.0" encoding="UTF-8"?>
<!-- Generated by org.testng.reporters.JUnitReportReporter -->
<testsuite hostname="ATMECSBLRLT-030" failures="0" tests="1" name="com.atmecs.automationSite.Twitter" time="20.561" errors="0" timestamp="24 Sep 2020 14:30:23 GMT" skipped="0">
  <testcase classname="com.atmecs.automationSite.Twitter" name="twitter" time="20.561"/>
</testsuite> <!-- com.atmecs.automationSite.Twitter -->
