<?xml version="1.0" encoding="UTF-8"?>
<!-- Generated by org.testng.reporters.JUnitReportReporter -->
<testsuite hostname="ATMECSBLRLT-030" failures="0" tests="1" name="com.atmecs.automationSite.Youtube" time="16.863" errors="0" timestamp="29 Sep 2020 08:38:35 GMT" skipped="0">
  <testcase classname="com.atmecs.automationSite.Youtube" name="youtube" time="16.863"/>
</testsuite> <!-- com.atmecs.automationSite.Youtube -->
