<?xml version="1.0" encoding="UTF-8"?>
<!-- Generated by org.testng.reporters.JUnitReportReporter -->
<testsuite hostname="ATMECSBLRLT-030" failures="0" tests="1" name="com.atmecs.automationSite.Automation_Site" time="18.610" errors="0" timestamp="21 Sep 2020 12:04:45 GMT" skipped="0">
  <testcase classname="com.atmecs.automationSite.Automation_Site" name="fillform" time="18.610"/>
</testsuite> <!-- com.atmecs.automationSite.Automation_Site -->
