<?xml version="1.0" encoding="UTF-8"?>
<!-- Generated by org.testng.reporters.JUnitReportReporter -->
<testsuite hostname="ATMECSBLRLT-030" failures="0" tests="1" name="com.atmecs.automationSite.Automation_Site" time="22.651" errors="0" timestamp="29 Sep 2020 08:38:35 GMT" skipped="0">
  <testcase classname="com.atmecs.automationSite.Automation_Site" name="fillform" time="22.651"/>
</testsuite> <!-- com.atmecs.automationSite.Automation_Site -->
